<?xml version="1.0" encoding="UTF-8"?>
<!-- Generated by org.testng.reporters.JUnitReportReporter -->
<testsuite skipped="0" hostname="Admin-PC" name="com.web.JavaRltd.ArrayLstCls" tests="1" failures="0" timestamp="17 Aug 2017 08:13:35 GMT" time="0.022" errors="0">
  <testcase name="arrayLstMth" time="0.022" classname="com.web.JavaRltd.ArrayLstCls"/>
</testsuite> <!-- com.web.JavaRltd.ArrayLstCls -->
