<?xml version="1.0" encoding="UTF-8"?>
<!-- Generated by org.testng.reporters.JUnitReportReporter -->
<testsuite skipped="0" hostname="Admin-PC" name="com.web.SlnmRltd.MouseOvrActions" tests="1" failures="0" timestamp="11 Aug 2017 13:16:36 GMT" time="5.830" errors="0">
  <testcase name="mouseAct" time="5.830" classname="com.web.SlnmRltd.MouseOvrActions"/>
</testsuite> <!-- com.web.SlnmRltd.MouseOvrActions -->
