<?xml version="1.0" encoding="UTF-8"?>
<!-- Generated by org.testng.reporters.JUnitReportReporter -->
<testsuite skipped="0" hostname="Admin-PC" name="com.web.TestNgRltd.GroupExmple" tests="2" failures="0" timestamp="14 Aug 2017 12:01:53 GMT" time="0.038" errors="0">
  <testcase name="combTstMth" time="0.036" classname="com.web.TestNgRltd.GroupExmple"/>
  <testcase name="tstMthTwo" time="0.002" classname="com.web.TestNgRltd.GroupExmple"/>
</testsuite> <!-- com.web.TestNgRltd.GroupExmple -->
