<?xml version="1.0" encoding="UTF-8"?>
<!-- Generated by org.testng.reporters.JUnitReportReporter -->
<testsuite skipped="0" hostname="Admin-PC" name="com.web.TestNgRltd.MakeMyTrip" tests="1" failures="0" timestamp="15 Aug 2017 08:00:32 GMT" time="4.318" errors="0">
  <testcase name="tcktBooking" time="4.318" classname="com.web.TestNgRltd.MakeMyTrip"/>
</testsuite> <!-- com.web.TestNgRltd.MakeMyTrip -->
