<?xml version="1.0" encoding="UTF-8"?>
<!-- Generated by org.testng.reporters.JUnitReportReporter -->
<testsuite skipped="0" hostname="Admin-PC" name="com.web.SlnmRltd.JavaScriptCls" tests="1" failures="0" timestamp="12 Aug 2017 10:44:07 GMT" time="24.753" errors="0">
  <testcase name="mouseAct" time="24.753" classname="com.web.SlnmRltd.JavaScriptCls"/>
</testsuite> <!-- com.web.SlnmRltd.JavaScriptCls -->
