<?xml version="1.0" encoding="UTF-8"?>
<!-- Generated by org.testng.reporters.JUnitReportReporter -->
<testsuite skipped="0" hostname="Admin-PC" name="com.web.RunfailedPkg.TestRunnerCls" tests="1" failures="0" timestamp="16 Aug 2017 12:11:39 GMT" time="22.023" errors="0">
  <testcase name="runningFailedTstCases" time="22.023" classname="com.web.RunfailedPkg.TestRunnerCls"/>
</testsuite> <!-- com.web.RunfailedPkg.TestRunnerCls -->
