<?xml version="1.0" encoding="UTF-8"?>
<!-- Generated by org.testng.reporters.JUnitReportReporter -->
<testsuite skipped="0" hostname="Admin-PC" name="com.web.SlnmRltd.keywrdActions" tests="1" failures="0" timestamp="12 Aug 2017 07:49:06 GMT" time="15.535" errors="0">
  <testcase name="keyWrdMth" time="15.535" classname="com.web.SlnmRltd.keywrdActions"/>
</testsuite> <!-- com.web.SlnmRltd.keywrdActions -->
