<?xml version="1.0" encoding="UTF-8"?>
<!-- Generated by org.testng.reporters.JUnitReportReporter -->
<testsuite skipped="0" hostname="Admin-PC" name="com.web.TestNgRltd.AssertsCls" tests="1" failures="0" timestamp="14 Aug 2017 18:33:56 GMT" time="3.788" errors="0">
  <testcase name="verifyMth" time="3.788" classname="com.web.TestNgRltd.AssertsCls"/>
</testsuite> <!-- com.web.TestNgRltd.AssertsCls -->
