<?xml version="1.0" encoding="UTF-8"?>
<!-- Generated by org.testng.reporters.JUnitReportReporter -->
<testsuite skipped="0" hostname="Admin-PC" name="com.web.TestNgRltd.ClsLvlTestAnnotaions" tests="2" failures="0" timestamp="14 Aug 2017 12:10:58 GMT" time="0.014" errors="0">
  <testcase name="Mth" time="0.012" classname="com.web.TestNgRltd.ClsLvlTestAnnotaions"/>
  <testcase name="sMth" time="0.002" classname="com.web.TestNgRltd.ClsLvlTestAnnotaions"/>
</testsuite> <!-- com.web.TestNgRltd.ClsLvlTestAnnotaions -->
