<?xml version="1.0" encoding="UTF-8"?>
<!-- Generated by org.testng.reporters.JUnitReportReporter -->
<testsuite skipped="0" hostname="Admin-PC" name="com.web.SlnmRltd.RobotCls" tests="1" failures="0" timestamp="11 Aug 2017 12:35:52 GMT" time="7.503" errors="0">
  <testcase name="testUpload" time="7.503" classname="com.web.SlnmRltd.RobotCls"/>
</testsuite> <!-- com.web.SlnmRltd.RobotCls -->
