<?xml version="1.0" encoding="UTF-8"?>
<!-- Generated by org.testng.reporters.JUnitReportReporter -->
<testsuite skipped="0" hostname="Admin-PC" name="com.web.TestNgRltd.ParallelExc" tests="2" failures="0" timestamp="16 Aug 2017 12:14:12 GMT" time="28.371" errors="0">
  <testcase name="chrmBrw" time="14.576" classname="com.web.TestNgRltd.ParallelExc"/>
  <testcase name="fireFoxBrowser" time="13.795" classname="com.web.TestNgRltd.ParallelExc"/>
</testsuite> <!-- com.web.TestNgRltd.ParallelExc -->
