<?xml version="1.0" encoding="UTF-8"?>
<!-- Generated by org.testng.reporters.JUnitReportReporter -->
<testsuite skipped="0" hostname="Admin-PC" name="com.web.TestNgRltd.TestNgParamtrCls" tests="1" failures="0" timestamp="14 Aug 2017 13:05:49 GMT" time="9.204" errors="0">
  <testcase name="opnBrowser" time="9.204" classname="com.web.TestNgRltd.TestNgParamtrCls"/>
</testsuite> <!-- com.web.TestNgRltd.TestNgParamtrCls -->
