<?xml version="1.0" encoding="UTF-8"?>
<!-- Generated by org.testng.reporters.JUnitReportReporter -->
<testsuite skipped="0" hostname="Admin-PC" name="com.web.SlnmRltd.SrchBoxKeyEvnt" tests="1" failures="0" timestamp="12 Aug 2017 10:50:11 GMT" time="7.250" errors="0">
  <testcase name="mouseAct" time="7.250" classname="com.web.SlnmRltd.SrchBoxKeyEvnt"/>
</testsuite> <!-- com.web.SlnmRltd.SrchBoxKeyEvnt -->
